\BOOKMARK [0][-]{Doc-Start}{Certificate of Examination}{}% 1
\BOOKMARK [0][-]{Doc-Start}{Declaration}{}% 2
\BOOKMARK [0][-]{Doc-Start}{Acknowledgements}{}% 3
\BOOKMARK [0][-]{Doc-Start}{List of Figures}{}% 4
\BOOKMARK [0][-]{chapter*.1}{List of Tables}{}% 5
\BOOKMARK [0][-]{chapter*.3}{Abstract}{}% 6
\BOOKMARK [0][-]{chapter.1}{Introduction}{}% 7
\BOOKMARK [0][-]{chapter.2}{Modelling Larval Stage in a Vial}{}% 8
\BOOKMARK [1][-]{section.2.1}{Ecology of a Culture Vial}{chapter.2}% 9
\BOOKMARK [1][-]{section.2.2}{Larval Stage Model}{chapter.2}% 10
\BOOKMARK [0][-]{chapter.3}{Interplay between Larval Trait Parameters}{}% 11
\BOOKMARK [1][-]{section.3.1}{Initial Feeding Rate and Efficiency}{chapter.3}% 12
\BOOKMARK [1][-]{section.3.2}{Initial Feeding Rate and Critical Size}{chapter.3}% 13
\BOOKMARK [1][-]{section.3.3}{Critical Size and Efficiency}{chapter.3}% 14
\BOOKMARK [0][-]{chapter.4}{Modelling Evolution of Life-history Traits}{}% 15
\BOOKMARK [1][-]{section.4.1}{Modelling Adult Stage}{chapter.4}% 16
\BOOKMARK [1][-]{section.4.2}{Evolution of Larval Trait Parameters}{chapter.4}% 17
\BOOKMARK [1][-]{section.4.3}{Evolution of Fitness-related Life-history Traits}{chapter.4}% 18
\BOOKMARK [0][-]{chapter.5}{Effects of Variation on the Evolution of Larval Trait Parameters}{}% 19
\BOOKMARK [1][-]{section.5.1}{Variation in the Initial Distribution of Larval Trait Parameters}{chapter.5}% 20
\BOOKMARK [1][-]{section.5.2}{Heritability of Larval Trait Parameters}{chapter.5}% 21
\BOOKMARK [0][-]{chapter.6}{Introducing Correlations in Larval Trait Parameters}{}% 22
\BOOKMARK [1][-]{section.6.1}{Distribution of Laral Traits with Development Time}{chapter.6}% 23
\BOOKMARK [1][-]{section.6.2}{Negative Correlation between Feeding Rate and Efficiency}{chapter.6}% 24
\BOOKMARK [0][-]{chapter.7}{Discussion}{}% 25
\BOOKMARK [0][-]{chapter.7}{References}{}% 26
\BOOKMARK [0][-]{appendix.A}{Supplementary Data}{}% 27
\BOOKMARK [1][-]{section.A.1}{Code}{appendix.A}% 28
\BOOKMARK [1][-]{section.A.2}{Tables}{appendix.A}% 29
\BOOKMARK [1][-]{section.A.3}{Graphs}{appendix.A}% 30
